15:41:34 INFO 9 six2015.Controllers.SIXUSERsController - login,input={"username":"admin","password":"test"},
15:41:43 INFO 9 six2015.Controllers.SIXUSERsController - login,errorpassword
15:41:48 INFO 9 six2015.Controllers.SIXUSERsController - login,input={"username":"admin","password":"admin"},
15:41:49 INFO 11 six2015.Controllers.SIXUSERsController - token is 7c79e8fa2182492fb268c02e872fda24,0,1000
15:41:55 INFO 8 six2015.Controllers.SIXUSERsController - token is 7c79e8fa2182492fb268c02e872fda24,0,1000
15:41:57 INFO 11 six2015.Controllers.SIXUSERsController - token is 7c79e8fa2182492fb268c02e872fda24,0,1000
15:42:08 INFO 17 six2015.Controllers.SIXUSERsController - StudyRecords,token is 7c79e8fa2182492fb268c02e872fda24,2017/07/01,startTime,  endTime,2017/07/31  name,  identity, illegal ,  message, print,
15:42:15 INFO 9 six2015.Controllers.SIXUSERsController - StudyRecords,token is 7c79e8fa2182492fb268c02e872fda24,370602199302131613,  identity,
15:42:17 INFO 8 six2015.Controllers.SIXUSERsController - courses,token is 7c79e8fa2182492fb268c02e872fda24,1
15:42:17 INFO 17 six2015.Controllers.SIXUSERsController - EduRecordFormB,token is 7c79e8fa2182492fb268c02e872fda24,1,picID
15:42:17 INFO 9 six2015.Controllers.SIXUSERsController - DeclarationForm,token is 7c79e8fa2182492fb268c02e872fda24,1,picID
15:42:17 INFO 5 six2015.Controllers.SIXUSERsController - pictures,token is 7c79e8fa2182492fb268c02e872fda24,1
15:42:17 INFO 17 six2015.Controllers.SIXUSERsController - EduRecordFormB,picfile=e:\\signature\97e70d9265754c0ab07ed70807408742EducationalRecordsecond.png
15:42:17 INFO 8 six2015.Controllers.SIXUSERsController - EduRecordForm,token is 7c79e8fa2182492fb268c02e872fda24,1,picID
15:42:17 INFO 8 six2015.Controllers.SIXUSERsController - EduRecordForm,picfile=e:\\signature\97e70d9265754c0ab07ed70807408742EducationalRecord.png
15:42:17 INFO 8 six2015.Controllers.SIXUSERsController - ExamResult,token is 7c79e8fa2182492fb268c02e872fda24,1
15:42:17 INFO 8 six2015.Controllers.SIXUSERsController - ExamResult,picfile=e:\\examresultpath\97e70d9265754c0ab07ed70807408742\exam_result.txt
15:42:17 INFO 9 six2015.Controllers.SIXUSERsController - DeclarationForm,picfile=e:\\signature\97e70d9265754c0ab07ed70807408742PhysicalCondition.png
15:42:17 INFO 5 six2015.Controllers.SIXUSERsController - pictures,1499427126,1499427203,2017/7/7 19:32:06,2017/7/7 19:33:23,超速警示片,636355573371632880
15:42:17 INFO 5 six2015.Controllers.SIXUSERsController - pictures,1499427207,1499427258,2017/7/7 19:33:27,2017/7/7 19:34:18,酒驾上警示片,636355573372243308
15:42:17 INFO 5 six2015.Controllers.SIXUSERsController - pictures,1499427261,1499427311,2017/7/7 19:34:21,2017/7/7 19:35:11,酒驾下警示片,636355573372363393
15:42:17 INFO 5 six2015.Controllers.SIXUSERsController - pictures,1499427317,1499427389,2017/7/7 19:35:17,2017/7/7 19:36:29,疲劳驾驶警示片,636355573372473475
15:42:17 INFO 5 six2015.Controllers.SIXUSERsController - pictures,1499427408,1499427501,2017/7/7 19:36:48,2017/7/7 19:38:21,分心驾驶警示片,636355573372593560
15:42:17 INFO 5 six2015.Controllers.SIXUSERsController - pictures,1499427514,1499427577,2017/7/7 19:38:34,2017/7/7 19:39:37,盲区和远光灯警示片,636355573372693623
15:42:17 INFO 5 six2015.Controllers.SIXUSERsController - pictures,1499427607,1499427680,2017/7/7 19:40:07,2017/7/7 19:41:20,超员及货车典型违法行为,636355573372813708
15:44:57 INFO 9 six2015.Controllers.SIXUSERsController - DeclarationForm,token is 7c79e8fa2182492fb268c02e872fda24,1,picID
15:44:57 INFO 5 six2015.Controllers.SIXUSERsController - EduRecordForm,token is 7c79e8fa2182492fb268c02e872fda24,1,picID
15:44:57 INFO 8 six2015.Controllers.SIXUSERsController - EduRecordFormB,token is 7c79e8fa2182492fb268c02e872fda24,1,picID
15:44:57 INFO 20 six2015.Controllers.SIXUSERsController - pictures,token is 7c79e8fa2182492fb268c02e872fda24,1
15:44:57 INFO 22 six2015.Controllers.SIXUSERsController - courses,token is 7c79e8fa2182492fb268c02e872fda24,1
15:44:57 INFO 18 six2015.Controllers.SIXUSERsController - ExamResult,token is 7c79e8fa2182492fb268c02e872fda24,1
15:44:57 INFO 9 six2015.Controllers.SIXUSERsController - DeclarationForm,invalidtoken
15:44:57 INFO 20 six2015.Controllers.SIXUSERsController - pictures,invalidtoken
15:44:57 INFO 18 six2015.Controllers.SIXUSERsController - ExamResult,invalidtoken
15:44:57 INFO 22 six2015.Controllers.SIXUSERsController - courses,invalidtoken
15:44:57 INFO 8 six2015.Controllers.SIXUSERsController - EduRecordFormB,invalidtoken
15:44:57 INFO 5 six2015.Controllers.SIXUSERsController - EduRecordForm,invalidtoken
15:45:13 INFO 9 six2015.Controllers.SIXUSERsController - login,input={"username":"admin","password":"admin"},
15:45:15 INFO 23 six2015.Controllers.SIXUSERsController - token is f8aba3c80b524c5587f6a9055f58a0b9,0,1000
15:45:23 INFO 9 six2015.Controllers.SIXUSERsController - StudyRecords,token is f8aba3c80b524c5587f6a9055f58a0b9,370602199302131613,  identity,
15:45:24 INFO 8 six2015.Controllers.SIXUSERsController - pictures,token is f8aba3c80b524c5587f6a9055f58a0b9,1
15:45:24 INFO 5 six2015.Controllers.SIXUSERsController - EduRecordForm,token is f8aba3c80b524c5587f6a9055f58a0b9,1,picID
15:45:24 INFO 20 six2015.Controllers.SIXUSERsController - DeclarationForm,token is f8aba3c80b524c5587f6a9055f58a0b9,1,picID
15:45:24 INFO 9 six2015.Controllers.SIXUSERsController - EduRecordFormB,token is f8aba3c80b524c5587f6a9055f58a0b9,1,picID
15:45:24 INFO 22 six2015.Controllers.SIXUSERsController - ExamResult,token is f8aba3c80b524c5587f6a9055f58a0b9,1
15:45:24 INFO 8 six2015.Controllers.SIXUSERsController - pictures,1499427126,1499427203,2017/7/7 19:32:06,2017/7/7 19:33:23,超速警示片,636355575246233712
15:45:24 INFO 20 six2015.Controllers.SIXUSERsController - DeclarationForm,picfile=e:\\signature\97e70d9265754c0ab07ed70807408742PhysicalCondition.png
15:45:24 INFO 5 six2015.Controllers.SIXUSERsController - EduRecordForm,picfile=e:\\signature\97e70d9265754c0ab07ed70807408742EducationalRecord.png
15:45:24 INFO 5 six2015.Controllers.SIXUSERsController - courses,token is f8aba3c80b524c5587f6a9055f58a0b9,1
15:45:24 INFO 9 six2015.Controllers.SIXUSERsController - EduRecordFormB,picfile=e:\\signature\97e70d9265754c0ab07ed70807408742EducationalRecordsecond.png
15:45:24 INFO 22 six2015.Controllers.SIXUSERsController - ExamResult,picfile=e:\\examresultpath\97e70d9265754c0ab07ed70807408742\exam_result.txt
15:45:24 INFO 8 six2015.Controllers.SIXUSERsController - pictures,1499427207,1499427258,2017/7/7 19:33:27,2017/7/7 19:34:18,酒驾上警示片,636355575246984243
15:45:24 INFO 8 six2015.Controllers.SIXUSERsController - pictures,1499427261,1499427311,2017/7/7 19:34:21,2017/7/7 19:35:11,酒驾下警示片,636355575247144357
15:45:24 INFO 8 six2015.Controllers.SIXUSERsController - pictures,1499427317,1499427389,2017/7/7 19:35:17,2017/7/7 19:36:29,疲劳驾驶警示片,636355575247254434
15:45:24 INFO 8 six2015.Controllers.SIXUSERsController - pictures,1499427408,1499427501,2017/7/7 19:36:48,2017/7/7 19:38:21,分心驾驶警示片,636355575247364504
15:45:24 INFO 8 six2015.Controllers.SIXUSERsController - pictures,1499427514,1499427577,2017/7/7 19:38:34,2017/7/7 19:39:37,盲区和远光灯警示片,636355575247484613
15:45:24 INFO 8 six2015.Controllers.SIXUSERsController - pictures,1499427607,1499427680,2017/7/7 19:40:07,2017/7/7 19:41:20,超员及货车典型违法行为,636355575247594675
15:54:32 INFO 5 six2015.Controllers.SIXUSERsController - token is f8aba3c80b524c5587f6a9055f58a0b9,0,1000
15:54:40 INFO 18 six2015.Controllers.SIXUSERsController - StudyRecords,token is f8aba3c80b524c5587f6a9055f58a0b9,2017/07/01,startTime,  endTime,2017/07/31  name,  identity, illegal ,  message, print,
15:54:41 INFO 6 six2015.Controllers.SIXUSERsController - pictures,token is f8aba3c80b524c5587f6a9055f58a0b9,1
15:54:41 INFO 20 six2015.Controllers.SIXUSERsController - EduRecordForm,token is f8aba3c80b524c5587f6a9055f58a0b9,1,picID
15:54:41 INFO 17 six2015.Controllers.SIXUSERsController - DeclarationForm,token is f8aba3c80b524c5587f6a9055f58a0b9,1,picID
15:54:41 INFO 6 six2015.Controllers.SIXUSERsController - pictures,1499427126,1499427203,2017/7/7 19:32:06,2017/7/7 19:33:23,超速警示片,636355580818200318
15:54:41 INFO 21 six2015.Controllers.SIXUSERsController - courses,token is f8aba3c80b524c5587f6a9055f58a0b9,1
15:54:41 INFO 23 six2015.Controllers.SIXUSERsController - ExamResult,token is f8aba3c80b524c5587f6a9055f58a0b9,1
15:54:41 INFO 23 six2015.Controllers.SIXUSERsController - ExamResult,picfile=e:\\examresultpath\97e70d9265754c0ab07ed70807408742\exam_result.txt
15:54:41 INFO 30 six2015.Controllers.SIXUSERsController - EduRecordFormB,token is f8aba3c80b524c5587f6a9055f58a0b9,1,picID
15:54:41 INFO 6 six2015.Controllers.SIXUSERsController - pictures,1499427207,1499427258,2017/7/7 19:33:27,2017/7/7 19:34:18,酒驾上警示片,636355580818500515
15:54:41 INFO 6 six2015.Controllers.SIXUSERsController - pictures,1499427261,1499427311,2017/7/7 19:34:21,2017/7/7 19:35:11,酒驾下警示片,636355580818690653
15:54:41 INFO 30 six2015.Controllers.SIXUSERsController - EduRecordFormB,picfile=e:\\signature\97e70d9265754c0ab07ed70807408742EducationalRecordsecond.png
15:54:41 INFO 17 six2015.Controllers.SIXUSERsController - DeclarationForm,picfile=e:\\signature\97e70d9265754c0ab07ed70807408742PhysicalCondition.png
15:54:41 INFO 20 six2015.Controllers.SIXUSERsController - EduRecordForm,picfile=e:\\signature\97e70d9265754c0ab07ed70807408742EducationalRecord.png
15:54:41 INFO 6 six2015.Controllers.SIXUSERsController - pictures,1499427317,1499427389,2017/7/7 19:35:17,2017/7/7 19:36:29,疲劳驾驶警示片,636355580818920808
15:54:41 INFO 6 six2015.Controllers.SIXUSERsController - pictures,1499427408,1499427501,2017/7/7 19:36:48,2017/7/7 19:38:21,分心驾驶警示片,636355580819070918
15:54:41 INFO 6 six2015.Controllers.SIXUSERsController - pictures,1499427514,1499427577,2017/7/7 19:38:34,2017/7/7 19:39:37,盲区和远光灯警示片,636355580819231024
15:54:41 INFO 6 six2015.Controllers.SIXUSERsController - pictures,1499427607,1499427680,2017/7/7 19:40:07,2017/7/7 19:41:20,超员及货车典型违法行为,636355580819381126
16:42:56 INFO 7 six2015.Controllers.SIXUSERsController - token is f8aba3c80b524c5587f6a9055f58a0b9,0,1000
16:42:56 INFO 7 six2015.Controllers.SIXUSERsController - login,invalidtoken
16:43:08 INFO 10 six2015.Controllers.SIXUSERsController - login,input={"username":"admin","password":"admin"},
16:43:10 INFO 8 six2015.Controllers.SIXUSERsController - token is ffe8a41af4ad4a279e6d63968ca4794b,0,1000
16:43:23 INFO 10 six2015.Controllers.SIXUSERsController - StudyRecords,token is ffe8a41af4ad4a279e6d63968ca4794b,2017/07/01,startTime,  endTime,2017/07/31  name,  identity, illegal ,  message, print,
16:43:30 INFO 13 six2015.Controllers.SIXUSERsController - DeclarationForm,token is ffe8a41af4ad4a279e6d63968ca4794b,1,picID
16:43:30 INFO 10 six2015.Controllers.SIXUSERsController - courses,token is ffe8a41af4ad4a279e6d63968ca4794b,1
16:43:30 INFO 8 six2015.Controllers.SIXUSERsController - EduRecordFormB,token is ffe8a41af4ad4a279e6d63968ca4794b,1,picID
16:43:30 INFO 9 six2015.Controllers.SIXUSERsController - ExamResult,token is ffe8a41af4ad4a279e6d63968ca4794b,1
16:43:30 INFO 7 six2015.Controllers.SIXUSERsController - pictures,token is ffe8a41af4ad4a279e6d63968ca4794b,1
16:43:30 INFO 8 six2015.Controllers.SIXUSERsController - EduRecordFormB,picfile=e:\\signature\97e70d9265754c0ab07ed70807408742EducationalRecordsecond.png
16:43:30 INFO 13 six2015.Controllers.SIXUSERsController - DeclarationForm,picfile=e:\\signature\97e70d9265754c0ab07ed70807408742PhysicalCondition.png
16:43:30 INFO 13 six2015.Controllers.SIXUSERsController - EduRecordForm,token is ffe8a41af4ad4a279e6d63968ca4794b,1,picID
16:43:30 INFO 13 six2015.Controllers.SIXUSERsController - EduRecordForm,picfile=e:\\signature\97e70d9265754c0ab07ed70807408742EducationalRecord.png
16:43:30 INFO 9 six2015.Controllers.SIXUSERsController - ExamResult,picfile=e:\\examresultpath\97e70d9265754c0ab07ed70807408742\exam_result.txt
16:43:30 INFO 7 six2015.Controllers.SIXUSERsController - pictures,1499427126,1499427203,2017/7/7 19:32:06,2017/7/7 19:33:23,超速警示片,636355610102017650
16:43:30 INFO 7 six2015.Controllers.SIXUSERsController - pictures,1499427207,1499427258,2017/7/7 19:33:27,2017/7/7 19:34:18,酒驾上警示片,636355610102718129
16:43:30 INFO 7 six2015.Controllers.SIXUSERsController - pictures,1499427261,1499427311,2017/7/7 19:34:21,2017/7/7 19:35:11,酒驾下警示片,636355610102818196
16:43:30 INFO 7 six2015.Controllers.SIXUSERsController - pictures,1499427317,1499427389,2017/7/7 19:35:17,2017/7/7 19:36:29,疲劳驾驶警示片,636355610102928278
16:43:30 INFO 7 six2015.Controllers.SIXUSERsController - pictures,1499427408,1499427501,2017/7/7 19:36:48,2017/7/7 19:38:21,分心驾驶警示片,636355610103058370
16:43:30 INFO 7 six2015.Controllers.SIXUSERsController - pictures,1499427514,1499427577,2017/7/7 19:38:34,2017/7/7 19:39:37,盲区和远光灯警示片,636355610103218495
16:43:30 INFO 7 six2015.Controllers.SIXUSERsController - pictures,1499427607,1499427680,2017/7/7 19:40:07,2017/7/7 19:41:20,超员及货车典型违法行为,636355610103368605
16:45:38 INFO 15 six2015.Controllers.SIXUSERsController - pushmessage,input={"id":1,"content":"9（身份证明号码：370602199302131613，发证机关鲁F）于2017年07月12日，已参加了道路交通安全法律法规、交通安全文明驾驶、应急处置等知识学习，接受交通事故案例警示教育，并通过审验。请于每个记分周期结束后三十日内到公安机关交通管理部门接受审验。但在一个记分周期内没有记分记录的，免于本记分周期审验。下一审验时间为   年  月  日 至  年  月  日。"},
16:45:38 INFO 15 six2015.Controllers.SIXUSERsController - pushmessage,token is ffe8a41af4ad4a279e6d63968ca4794b,1,id
16:47:58 INFO 16 six2015.Controllers.SIXUSERsController - pictures,token is ffe8a41af4ad4a279e6d63968ca4794b,1
16:47:58 INFO 17 six2015.Controllers.SIXUSERsController - DeclarationForm,token is ffe8a41af4ad4a279e6d63968ca4794b,1,picID
16:47:58 INFO 13 six2015.Controllers.SIXUSERsController - EduRecordForm,token is ffe8a41af4ad4a279e6d63968ca4794b,1,picID
16:47:58 INFO 16 six2015.Controllers.SIXUSERsController - pictures,1499427126,1499427203,2017/7/7 19:32:06,2017/7/7 19:33:23,超速警示片,636355612789703255
16:47:58 INFO 17 six2015.Controllers.SIXUSERsController - DeclarationForm,picfile=e:\\signature\97e70d9265754c0ab07ed70807408742PhysicalCondition.png
16:47:58 INFO 9 six2015.Controllers.SIXUSERsController - EduRecordFormB,token is ffe8a41af4ad4a279e6d63968ca4794b,1,picID
16:47:58 INFO 7 six2015.Controllers.SIXUSERsController - ExamResult,token is ffe8a41af4ad4a279e6d63968ca4794b,1
16:47:58 INFO 13 six2015.Controllers.SIXUSERsController - EduRecordForm,picfile=e:\\signature\97e70d9265754c0ab07ed70807408742EducationalRecord.png
16:47:58 INFO 17 six2015.Controllers.SIXUSERsController - courses,token is ffe8a41af4ad4a279e6d63968ca4794b,1
16:47:58 INFO 9 six2015.Controllers.SIXUSERsController - EduRecordFormB,picfile=e:\\signature\97e70d9265754c0ab07ed70807408742EducationalRecordsecond.png
16:47:58 INFO 16 six2015.Controllers.SIXUSERsController - pictures,1499427207,1499427258,2017/7/7 19:33:27,2017/7/7 19:34:18,酒驾上警示片,636355612789893386
16:47:59 INFO 7 six2015.Controllers.SIXUSERsController - ExamResult,picfile=e:\\examresultpath\97e70d9265754c0ab07ed70807408742\exam_result.txt
16:47:59 INFO 16 six2015.Controllers.SIXUSERsController - pictures,1499427261,1499427311,2017/7/7 19:34:21,2017/7/7 19:35:11,酒驾下警示片,636355612790093527
16:47:59 INFO 16 six2015.Controllers.SIXUSERsController - pictures,1499427317,1499427389,2017/7/7 19:35:17,2017/7/7 19:36:29,疲劳驾驶警示片,636355612790283685
16:47:59 INFO 16 six2015.Controllers.SIXUSERsController - pictures,1499427408,1499427501,2017/7/7 19:36:48,2017/7/7 19:38:21,分心驾驶警示片,636355612790433768
16:47:59 INFO 16 six2015.Controllers.SIXUSERsController - pictures,1499427514,1499427577,2017/7/7 19:38:34,2017/7/7 19:39:37,盲区和远光灯警示片,636355612790613903
16:47:59 INFO 16 six2015.Controllers.SIXUSERsController - pictures,1499427607,1499427680,2017/7/7 19:40:07,2017/7/7 19:41:20,超员及货车典型违法行为,636355612790824048
16:48:26 INFO 8 six2015.Controllers.SIXUSERsController - token is ffe8a41af4ad4a279e6d63968ca4794b,0,1000
16:49:23 INFO 13 six2015.Controllers.SIXUSERsController - StudyRecords,token is ffe8a41af4ad4a279e6d63968ca4794b,2017/07/01,startTime,  endTime,2017/07/31  name,  identity, illegal ,  message, print,
16:49:24 INFO 16 six2015.Controllers.SIXUSERsController - pictures,token is ffe8a41af4ad4a279e6d63968ca4794b,1
16:49:24 INFO 7 six2015.Controllers.SIXUSERsController - DeclarationForm,token is ffe8a41af4ad4a279e6d63968ca4794b,1,picID
16:49:24 INFO 18 six2015.Controllers.SIXUSERsController - EduRecordForm,token is ffe8a41af4ad4a279e6d63968ca4794b,1,picID
16:49:24 INFO 7 six2015.Controllers.SIXUSERsController - DeclarationForm,picfile=e:\\signature\97e70d9265754c0ab07ed70807408742PhysicalCondition.png
16:49:24 INFO 16 six2015.Controllers.SIXUSERsController - pictures,1499427126,1499427203,2017/7/7 19:32:06,2017/7/7 19:33:23,超速警示片,636355613645497618
16:49:24 INFO 9 six2015.Controllers.SIXUSERsController - EduRecordFormB,token is ffe8a41af4ad4a279e6d63968ca4794b,1,picID
16:49:24 INFO 7 six2015.Controllers.SIXUSERsController - ExamResult,token is ffe8a41af4ad4a279e6d63968ca4794b,1
16:49:24 INFO 18 six2015.Controllers.SIXUSERsController - EduRecordForm,picfile=e:\\signature\97e70d9265754c0ab07ed70807408742EducationalRecord.png
16:49:24 INFO 7 six2015.Controllers.SIXUSERsController - ExamResult,picfile=e:\\examresultpath\97e70d9265754c0ab07ed70807408742\exam_result.txt
16:49:24 INFO 9 six2015.Controllers.SIXUSERsController - EduRecordFormB,picfile=e:\\signature\97e70d9265754c0ab07ed70807408742EducationalRecordsecond.png
16:49:24 INFO 18 six2015.Controllers.SIXUSERsController - courses,token is ffe8a41af4ad4a279e6d63968ca4794b,1
16:49:24 INFO 16 six2015.Controllers.SIXUSERsController - pictures,1499427207,1499427258,2017/7/7 19:33:27,2017/7/7 19:34:18,酒驾上警示片,636355613645717762
16:49:24 INFO 16 six2015.Controllers.SIXUSERsController - pictures,1499427261,1499427311,2017/7/7 19:34:21,2017/7/7 19:35:11,酒驾下警示片,636355613645897893
16:49:24 INFO 16 six2015.Controllers.SIXUSERsController - pictures,1499427317,1499427389,2017/7/7 19:35:17,2017/7/7 19:36:29,疲劳驾驶警示片,636355613646007971
16:49:24 INFO 16 six2015.Controllers.SIXUSERsController - pictures,1499427408,1499427501,2017/7/7 19:36:48,2017/7/7 19:38:21,分心驾驶警示片,636355613646118049
16:49:24 INFO 16 six2015.Controllers.SIXUSERsController - pictures,1499427514,1499427577,2017/7/7 19:38:34,2017/7/7 19:39:37,盲区和远光灯警示片,636355613646248145
16:49:24 INFO 16 six2015.Controllers.SIXUSERsController - pictures,1499427607,1499427680,2017/7/7 19:40:07,2017/7/7 19:41:20,超员及货车典型违法行为,636355613646428260
17:15:21 INFO 6 six2015.Controllers.SIXUSERsController - StudyRecords,token is ffe8a41af4ad4a279e6d63968ca4794b,2017/07/01,startTime,  endTime,2017/07/31  name,  identity, illegal ,  message, print,
17:15:21 INFO 8 six2015.Controllers.SIXUSERsController - token is ffe8a41af4ad4a279e6d63968ca4794b,0,1000
17:15:21 INFO 6 six2015.Controllers.SIXUSERsController - StudyRecords,invalidtoken
17:15:21 INFO 8 six2015.Controllers.SIXUSERsController - login,invalidtoken
17:15:34 INFO 6 six2015.Controllers.SIXUSERsController - login,input={"username":"admin","password":"admin"},
17:15:36 INFO 8 six2015.Controllers.SIXUSERsController - token is deb5bed5102a4a1cb617d0c4b87851bc,0,1000
17:15:42 INFO 9 six2015.Controllers.SIXUSERsController - StudyRecords,token is deb5bed5102a4a1cb617d0c4b87851bc,2017/07/01,startTime,  endTime,2017/07/31  name,  identity, illegal ,  message, print,
17:16:05 INFO 6 six2015.Controllers.SIXUSERsController - StudyRecords,token is deb5bed5102a4a1cb617d0c4b87851bc,370602199302131613,  identity,
17:16:06 INFO 8 six2015.Controllers.SIXUSERsController - EduRecordForm,token is deb5bed5102a4a1cb617d0c4b87851bc,1,picID
17:16:06 INFO 10 six2015.Controllers.SIXUSERsController - pictures,token is deb5bed5102a4a1cb617d0c4b87851bc,1
17:16:06 INFO 6 six2015.Controllers.SIXUSERsController - EduRecordFormB,token is deb5bed5102a4a1cb617d0c4b87851bc,1,picID
17:16:06 INFO 9 six2015.Controllers.SIXUSERsController - DeclarationForm,token is deb5bed5102a4a1cb617d0c4b87851bc,1,picID
17:16:06 INFO 8 six2015.Controllers.SIXUSERsController - EduRecordForm,picfile=e:\\signature\97e70d9265754c0ab07ed70807408742EducationalRecord.png
17:16:06 INFO 8 six2015.Controllers.SIXUSERsController - ExamResult,token is deb5bed5102a4a1cb617d0c4b87851bc,1
17:16:06 INFO 8 six2015.Controllers.SIXUSERsController - ExamResult,picfile=e:\\examresultpath\97e70d9265754c0ab07ed70807408742\exam_result.txt
17:16:06 INFO 8 six2015.Controllers.SIXUSERsController - courses,token is deb5bed5102a4a1cb617d0c4b87851bc,1
17:16:06 INFO 10 six2015.Controllers.SIXUSERsController - pictures,1499427126,1499427203,2017/7/7 19:32:06,2017/7/7 19:33:23,超速警示片,636355629664576675
17:16:06 INFO 6 six2015.Controllers.SIXUSERsController - EduRecordFormB,picfile=e:\\signature\97e70d9265754c0ab07ed70807408742EducationalRecordsecond.png
17:16:06 INFO 10 six2015.Controllers.SIXUSERsController - pictures,1499427207,1499427258,2017/7/7 19:33:27,2017/7/7 19:34:18,酒驾上警示片,636355629665991600
17:16:06 INFO 9 six2015.Controllers.SIXUSERsController - DeclarationForm,picfile=e:\\signature\97e70d9265754c0ab07ed70807408742PhysicalCondition.png
17:16:06 INFO 10 six2015.Controllers.SIXUSERsController - pictures,1499427261,1499427311,2017/7/7 19:34:21,2017/7/7 19:35:11,酒驾下警示片,636355629666201745
17:16:06 INFO 10 six2015.Controllers.SIXUSERsController - pictures,1499427317,1499427389,2017/7/7 19:35:17,2017/7/7 19:36:29,疲劳驾驶警示片,636355629666411890
17:16:06 INFO 10 six2015.Controllers.SIXUSERsController - pictures,1499427408,1499427501,2017/7/7 19:36:48,2017/7/7 19:38:21,分心驾驶警示片,636355629667747548
17:16:06 INFO 10 six2015.Controllers.SIXUSERsController - pictures,1499427514,1499427577,2017/7/7 19:38:34,2017/7/7 19:39:37,盲区和远光灯警示片,636355629667867795
17:16:06 INFO 10 six2015.Controllers.SIXUSERsController - pictures,1499427607,1499427680,2017/7/7 19:40:07,2017/7/7 19:41:20,超员及货车典型违法行为,636355629668007776
17:18:08 INFO 15 six2015.Controllers.SIXUSERsController - pictures,token is deb5bed5102a4a1cb617d0c4b87851bc,1
17:18:08 INFO 6 six2015.Controllers.SIXUSERsController - DeclarationForm,token is deb5bed5102a4a1cb617d0c4b87851bc,1,picID
17:18:08 INFO 9 six2015.Controllers.SIXUSERsController - EduRecordForm,token is deb5bed5102a4a1cb617d0c4b87851bc,1,picID
17:18:08 INFO 6 six2015.Controllers.SIXUSERsController - DeclarationForm,picfile=e:\\signature\97e70d9265754c0ab07ed70807408742PhysicalCondition.png
17:18:08 INFO 15 six2015.Controllers.SIXUSERsController - pictures,1499427126,1499427203,2017/7/7 19:32:06,2017/7/7 19:33:23,超速警示片,636355630884314517
17:18:08 INFO 9 six2015.Controllers.SIXUSERsController - EduRecordForm,picfile=e:\\signature\97e70d9265754c0ab07ed70807408742EducationalRecord.png
17:18:08 INFO 14 six2015.Controllers.SIXUSERsController - EduRecordFormB,token is deb5bed5102a4a1cb617d0c4b87851bc,1,picID
17:18:08 INFO 10 six2015.Controllers.SIXUSERsController - courses,token is deb5bed5102a4a1cb617d0c4b87851bc,1
17:18:08 INFO 14 six2015.Controllers.SIXUSERsController - EduRecordFormB,picfile=e:\\signature\97e70d9265754c0ab07ed70807408742EducationalRecordsecond.png
17:18:08 INFO 6 six2015.Controllers.SIXUSERsController - ExamResult,token is deb5bed5102a4a1cb617d0c4b87851bc,1
17:18:08 INFO 6 six2015.Controllers.SIXUSERsController - ExamResult,picfile=e:\\examresultpath\97e70d9265754c0ab07ed70807408742\exam_result.txt
17:18:08 INFO 15 six2015.Controllers.SIXUSERsController - pictures,1499427207,1499427258,2017/7/7 19:33:27,2017/7/7 19:34:18,酒驾上警示片,636355630884504639
17:18:08 INFO 15 six2015.Controllers.SIXUSERsController - pictures,1499427261,1499427311,2017/7/7 19:34:21,2017/7/7 19:35:11,酒驾下警示片,636355630884634743
17:18:08 INFO 15 six2015.Controllers.SIXUSERsController - pictures,1499427317,1499427389,2017/7/7 19:35:17,2017/7/7 19:36:29,疲劳驾驶警示片,636355630884804856
17:18:08 INFO 15 six2015.Controllers.SIXUSERsController - pictures,1499427408,1499427501,2017/7/7 19:36:48,2017/7/7 19:38:21,分心驾驶警示片,636355630885025011
17:18:08 INFO 15 six2015.Controllers.SIXUSERsController - pictures,1499427514,1499427577,2017/7/7 19:38:34,2017/7/7 19:39:37,盲区和远光灯警示片,636355630885215146
17:18:08 INFO 15 six2015.Controllers.SIXUSERsController - pictures,1499427607,1499427680,2017/7/7 19:40:07,2017/7/7 19:41:20,超员及货车典型违法行为,636355630885345242
17:21:05 INFO 20 six2015.Controllers.SIXUSERsController - pictures,token is deb5bed5102a4a1cb617d0c4b87851bc,1
17:21:05 INFO 6 six2015.Controllers.SIXUSERsController - DeclarationForm,token is deb5bed5102a4a1cb617d0c4b87851bc,1,picID
17:21:05 INFO 24 six2015.Controllers.SIXUSERsController - EduRecordForm,token is deb5bed5102a4a1cb617d0c4b87851bc,1,picID
17:21:05 INFO 6 six2015.Controllers.SIXUSERsController - DeclarationForm,picfile=e:\\signature\97e70d9265754c0ab07ed70807408742PhysicalCondition.png
17:21:05 INFO 20 six2015.Controllers.SIXUSERsController - pictures,1499427126,1499427203,2017/7/7 19:32:06,2017/7/7 19:33:23,超速警示片,636355632653884966
17:21:05 INFO 19 six2015.Controllers.SIXUSERsController - EduRecordFormB,token is deb5bed5102a4a1cb617d0c4b87851bc,1,picID
17:21:05 INFO 16 six2015.Controllers.SIXUSERsController - ExamResult,token is deb5bed5102a4a1cb617d0c4b87851bc,1
17:21:05 INFO 19 six2015.Controllers.SIXUSERsController - EduRecordFormB,picfile=e:\\signature\97e70d9265754c0ab07ed70807408742EducationalRecordsecond.png
17:21:05 INFO 16 six2015.Controllers.SIXUSERsController - ExamResult,picfile=e:\\examresultpath\97e70d9265754c0ab07ed70807408742\exam_result.txt
17:21:05 INFO 23 six2015.Controllers.SIXUSERsController - courses,token is deb5bed5102a4a1cb617d0c4b87851bc,1
17:21:05 INFO 20 six2015.Controllers.SIXUSERsController - pictures,1499427207,1499427258,2017/7/7 19:33:27,2017/7/7 19:34:18,酒驾上警示片,636355632654105118
17:21:05 INFO 24 six2015.Controllers.SIXUSERsController - EduRecordForm,picfile=e:\\signature\97e70d9265754c0ab07ed70807408742EducationalRecord.png
17:21:05 INFO 20 six2015.Controllers.SIXUSERsController - pictures,1499427261,1499427311,2017/7/7 19:34:21,2017/7/7 19:35:11,酒驾下警示片,636355632654315267
17:21:05 INFO 20 six2015.Controllers.SIXUSERsController - pictures,1499427317,1499427389,2017/7/7 19:35:17,2017/7/7 19:36:29,疲劳驾驶警示片,636355632654545437
17:21:05 INFO 20 six2015.Controllers.SIXUSERsController - pictures,1499427408,1499427501,2017/7/7 19:36:48,2017/7/7 19:38:21,分心驾驶警示片,636355632654755578
17:21:05 INFO 20 six2015.Controllers.SIXUSERsController - pictures,1499427514,1499427577,2017/7/7 19:38:34,2017/7/7 19:39:37,盲区和远光灯警示片,636355632654995760
17:21:05 INFO 20 six2015.Controllers.SIXUSERsController - pictures,1499427607,1499427680,2017/7/7 19:40:07,2017/7/7 19:41:20,超员及货车典型违法行为,636355632655225911
17:49:53 INFO 10 six2015.Controllers.SIXUSERsController - pictures,token is deb5bed5102a4a1cb617d0c4b87851bc,1
17:49:53 INFO 9 six2015.Controllers.SIXUSERsController - ExamResult,token is deb5bed5102a4a1cb617d0c4b87851bc,1
17:49:53 INFO 8 six2015.Controllers.SIXUSERsController - courses,token is deb5bed5102a4a1cb617d0c4b87851bc,1
17:49:53 INFO 7 six2015.Controllers.SIXUSERsController - EduRecordFormB,token is deb5bed5102a4a1cb617d0c4b87851bc,1,picID
17:49:53 INFO 9 six2015.Controllers.SIXUSERsController - ExamResult,invalidtoken
17:49:53 INFO 10 six2015.Controllers.SIXUSERsController - pictures,invalidtoken
17:49:53 INFO 7 six2015.Controllers.SIXUSERsController - EduRecordFormB,invalidtoken
17:49:53 INFO 8 six2015.Controllers.SIXUSERsController - courses,invalidtoken
17:49:53 INFO 7 six2015.Controllers.SIXUSERsController - EduRecordForm,token is deb5bed5102a4a1cb617d0c4b87851bc,1,picID
17:49:53 INFO 7 six2015.Controllers.SIXUSERsController - EduRecordForm,invalidtoken
17:49:53 INFO 8 six2015.Controllers.SIXUSERsController - DeclarationForm,token is deb5bed5102a4a1cb617d0c4b87851bc,1,picID
17:49:53 INFO 8 six2015.Controllers.SIXUSERsController - DeclarationForm,invalidtoken
17:50:01 INFO 8 six2015.Controllers.SIXUSERsController - DeclarationForm,token is deb5bed5102a4a1cb617d0c4b87851bc,1,picID
17:50:01 INFO 8 six2015.Controllers.SIXUSERsController - DeclarationForm,invalidtoken
17:50:01 INFO 9 six2015.Controllers.SIXUSERsController - pictures,token is deb5bed5102a4a1cb617d0c4b87851bc,1
17:50:01 INFO 9 six2015.Controllers.SIXUSERsController - pictures,invalidtoken
17:50:01 INFO 7 six2015.Controllers.SIXUSERsController - EduRecordForm,token is deb5bed5102a4a1cb617d0c4b87851bc,1,picID
17:50:01 INFO 7 six2015.Controllers.SIXUSERsController - EduRecordForm,invalidtoken
17:50:01 INFO 7 six2015.Controllers.SIXUSERsController - EduRecordFormB,token is deb5bed5102a4a1cb617d0c4b87851bc,1,picID
17:50:01 INFO 10 six2015.Controllers.SIXUSERsController - ExamResult,token is deb5bed5102a4a1cb617d0c4b87851bc,1
17:50:01 INFO 10 six2015.Controllers.SIXUSERsController - ExamResult,invalidtoken
17:50:01 INFO 8 six2015.Controllers.SIXUSERsController - courses,token is deb5bed5102a4a1cb617d0c4b87851bc,1
17:50:01 INFO 8 six2015.Controllers.SIXUSERsController - courses,invalidtoken
17:50:01 INFO 7 six2015.Controllers.SIXUSERsController - EduRecordFormB,invalidtoken
17:50:14 INFO 7 six2015.Controllers.SIXUSERsController - login,input={"username":"admin","password":"admin"},
17:50:16 INFO 8 six2015.Controllers.SIXUSERsController - token is 84fd510552a94874a5f71d04b9bd363f,0,1000
17:50:23 INFO 9 six2015.Controllers.SIXUSERsController - StudyRecords,token is 84fd510552a94874a5f71d04b9bd363f,2017/07/01,startTime,  endTime,2017/07/31  name,  identity, illegal ,  message, print,
17:50:29 INFO 14 six2015.Controllers.SIXUSERsController - pictures,token is 84fd510552a94874a5f71d04b9bd363f,1
17:50:29 INFO 8 six2015.Controllers.SIXUSERsController - DeclarationForm,token is 84fd510552a94874a5f71d04b9bd363f,1,picID
17:50:29 INFO 10 six2015.Controllers.SIXUSERsController - EduRecordForm,token is 84fd510552a94874a5f71d04b9bd363f,1,picID
17:50:29 INFO 9 six2015.Controllers.SIXUSERsController - EduRecordFormB,token is 84fd510552a94874a5f71d04b9bd363f,1,picID
17:50:29 INFO 8 six2015.Controllers.SIXUSERsController - DeclarationForm,picfile=e:\\signature\97e70d9265754c0ab07ed70807408742PhysicalCondition.png
17:50:29 INFO 8 six2015.Controllers.SIXUSERsController - ExamResult,token is 84fd510552a94874a5f71d04b9bd363f,1
17:50:29 INFO 8 six2015.Controllers.SIXUSERsController - ExamResult,picfile=e:\\examresultpath\97e70d9265754c0ab07ed70807408742\exam_result.txt
17:50:29 INFO 8 six2015.Controllers.SIXUSERsController - courses,token is 84fd510552a94874a5f71d04b9bd363f,1
17:50:29 INFO 14 six2015.Controllers.SIXUSERsController - pictures,1499427126,1499427203,2017/7/7 19:32:06,2017/7/7 19:33:23,超速警示片,636355650292945750
17:50:29 INFO 10 six2015.Controllers.SIXUSERsController - EduRecordForm,picfile=e:\\signature\97e70d9265754c0ab07ed70807408742EducationalRecord.png
17:50:29 INFO 9 six2015.Controllers.SIXUSERsController - EduRecordFormB,picfile=e:\\signature\97e70d9265754c0ab07ed70807408742EducationalRecordsecond.png
17:50:29 INFO 14 six2015.Controllers.SIXUSERsController - pictures,1499427207,1499427258,2017/7/7 19:33:27,2017/7/7 19:34:18,酒驾上警示片,636355650294146915
17:50:29 INFO 14 six2015.Controllers.SIXUSERsController - pictures,1499427261,1499427311,2017/7/7 19:34:21,2017/7/7 19:35:11,酒驾下警示片,636355650294297037
17:50:29 INFO 14 six2015.Controllers.SIXUSERsController - pictures,1499427317,1499427389,2017/7/7 19:35:17,2017/7/7 19:36:29,疲劳驾驶警示片,636355650294417114
17:50:29 INFO 14 six2015.Controllers.SIXUSERsController - pictures,1499427408,1499427501,2017/7/7 19:36:48,2017/7/7 19:38:21,分心驾驶警示片,636355650294557201
17:50:29 INFO 14 six2015.Controllers.SIXUSERsController - pictures,1499427514,1499427577,2017/7/7 19:38:34,2017/7/7 19:39:37,盲区和远光灯警示片,636355650294687297
17:50:29 INFO 14 six2015.Controllers.SIXUSERsController - pictures,1499427607,1499427680,2017/7/7 19:40:07,2017/7/7 19:41:20,超员及货车典型违法行为,636355650294827396
17:50:49 INFO 7 six2015.Controllers.SIXUSERsController - pictures,token is 84fd510552a94874a5f71d04b9bd363f,1
17:50:49 INFO 10 six2015.Controllers.SIXUSERsController - DeclarationForm,token is 84fd510552a94874a5f71d04b9bd363f,1,picID
17:50:49 INFO 14 six2015.Controllers.SIXUSERsController - EduRecordForm,token is 84fd510552a94874a5f71d04b9bd363f,1,picID
17:50:49 INFO 10 six2015.Controllers.SIXUSERsController - DeclarationForm,picfile=e:\\signature\97e70d9265754c0ab07ed70807408742PhysicalCondition.png
17:50:49 INFO 7 six2015.Controllers.SIXUSERsController - pictures,1499427126,1499427203,2017/7/7 19:32:06,2017/7/7 19:33:23,超速警示片,636355650497019499
17:50:49 INFO 14 six2015.Controllers.SIXUSERsController - EduRecordForm,picfile=e:\\signature\97e70d9265754c0ab07ed70807408742EducationalRecord.png
17:50:49 INFO 8 six2015.Controllers.SIXUSERsController - EduRecordFormB,token is 84fd510552a94874a5f71d04b9bd363f,1,picID
17:50:49 INFO 8 six2015.Controllers.SIXUSERsController - EduRecordFormB,picfile=e:\\signature\97e70d9265754c0ab07ed70807408742EducationalRecordsecond.png
17:50:49 INFO 9 six2015.Controllers.SIXUSERsController - courses,token is 84fd510552a94874a5f71d04b9bd363f,1
17:50:49 INFO 14 six2015.Controllers.SIXUSERsController - ExamResult,token is 84fd510552a94874a5f71d04b9bd363f,1
17:50:49 INFO 14 six2015.Controllers.SIXUSERsController - ExamResult,picfile=e:\\examresultpath\97e70d9265754c0ab07ed70807408742\exam_result.txt
17:50:49 INFO 7 six2015.Controllers.SIXUSERsController - pictures,1499427207,1499427258,2017/7/7 19:33:27,2017/7/7 19:34:18,酒驾上警示片,636355650497189619
17:50:49 INFO 7 six2015.Controllers.SIXUSERsController - pictures,1499427261,1499427311,2017/7/7 19:34:21,2017/7/7 19:35:11,酒驾下警示片,636355650497349725
17:50:49 INFO 7 six2015.Controllers.SIXUSERsController - pictures,1499427317,1499427389,2017/7/7 19:35:17,2017/7/7 19:36:29,疲劳驾驶警示片,636355650497469810
17:50:49 INFO 7 six2015.Controllers.SIXUSERsController - pictures,1499427408,1499427501,2017/7/7 19:36:48,2017/7/7 19:38:21,分心驾驶警示片,636355650497589891
17:50:49 INFO 7 six2015.Controllers.SIXUSERsController - pictures,1499427514,1499427577,2017/7/7 19:38:34,2017/7/7 19:39:37,盲区和远光灯警示片,636355650497709987
17:50:49 INFO 7 six2015.Controllers.SIXUSERsController - pictures,1499427607,1499427680,2017/7/7 19:40:07,2017/7/7 19:41:20,超员及货车典型违法行为,636355650497840075
17:58:48 INFO 24 six2015.Controllers.SIXUSERsController - login,input={"username":"t","password":"t"},
18:00:44 INFO 25 six2015.Controllers.SIXUSERsController - signaturepics,token is 688aa26dea794ff49a113e53a66bf613,1,id
18:00:44 INFO 25 six2015.Controllers.SIXUSERsController - signaturepics,picfile=e:\\signature\97e70d9265754c0ab07ed70807408742EducationalRecord
18:00:44 INFO 25 six2015.Controllers.SIXUSERsController - signaturepics,PhysicalCondition=e:\\signature\97e70d9265754c0ab07ed70807408742PhysicalCondition
18:08:26 INFO 32 six2015.Controllers.SIXUSERsController - login,input={"username":"t","password":"t"},
18:08:26 INFO 35 six2015.Controllers.SIXUSERsController - token is cdfe329b8c5e4bdab25abf5684d5a583,0,1000
18:09:54 ERROR 40 six2015.Controllers.SIXUSERsController - users,{0}
System.InvalidOperationException: 找不到给定的头。
   在 System.Net.Http.Headers.HttpHeaders.GetValues(String name)
   在 six2015.Controllers.SIXUSERsController.<users>d__13.MoveNext()
18:10:04 ERROR 39 six2015.Controllers.SIXUSERsController - StudyRecords,{0}
System.InvalidOperationException: 找不到给定的头。
   在 System.Net.Http.Headers.HttpHeaders.GetValues(String name)
   在 six2015.Controllers.SIXUSERsController.<StudyRecords>d__24.MoveNext()
18:10:17 ERROR 42 six2015.Controllers.SIXUSERsController - user,exception
System.InvalidOperationException: 找不到给定的头。
   在 System.Net.Http.Headers.HttpHeaders.GetValues(String name)
   在 six2015.Controllers.SIXUSERsController.<user>d__14.MoveNext()
18:10:33 INFO 42 six2015.Controllers.SIXUSERsController - login,input={"username":"t","password":"t"},
18:10:37 INFO 35 six2015.Controllers.SIXUSERsController - token is 6e79777dcb664d19a97977636b356315,0,1000
18:10:47 INFO 35 six2015.Controllers.SIXUSERsController - StudyRecords,token is 6e79777dcb664d19a97977636b356315,2017/07/01,startTime,  endTime,2017/07/31  name,  identity, illegal ,  message, print,
18:10:49 INFO 42 six2015.Controllers.SIXUSERsController - EduRecordForm,token is 6e79777dcb664d19a97977636b356315,1,picID
18:10:49 INFO 41 six2015.Controllers.SIXUSERsController - DeclarationForm,token is 6e79777dcb664d19a97977636b356315,1,picID
18:10:49 INFO 37 six2015.Controllers.SIXUSERsController - pictures,token is 6e79777dcb664d19a97977636b356315,1
18:10:49 INFO 42 six2015.Controllers.SIXUSERsController - EduRecordForm,picfile=e:\\signature\97e70d9265754c0ab07ed70807408742EducationalRecord.png
18:10:49 INFO 35 six2015.Controllers.SIXUSERsController - ExamResult,token is 6e79777dcb664d19a97977636b356315,1
18:10:49 INFO 35 six2015.Controllers.SIXUSERsController - ExamResult,picfile=e:\\examresultpath\97e70d9265754c0ab07ed70807408742\exam_result.txt
18:10:49 INFO 35 six2015.Controllers.SIXUSERsController - courses,token is 6e79777dcb664d19a97977636b356315,1
18:10:49 INFO 41 six2015.Controllers.SIXUSERsController - DeclarationForm,picfile=e:\\signature\97e70d9265754c0ab07ed70807408742PhysicalCondition.png
18:10:49 INFO 42 six2015.Controllers.SIXUSERsController - EduRecordFormB,token is 6e79777dcb664d19a97977636b356315,1,picID
18:10:49 INFO 42 six2015.Controllers.SIXUSERsController - EduRecordFormB,picfile=e:\\signature\97e70d9265754c0ab07ed70807408742EducationalRecordsecond.png
18:10:49 INFO 37 six2015.Controllers.SIXUSERsController - pictures,1499427126,1499427203,2017/7/7 19:32:06,2017/7/7 19:33:23,超速警示片,636355662493623855
18:10:49 INFO 37 six2015.Controllers.SIXUSERsController - pictures,1499427207,1499427258,2017/7/7 19:33:27,2017/7/7 19:34:18,酒驾上警示片,636355662494564520
18:10:49 INFO 37 six2015.Controllers.SIXUSERsController - pictures,1499427261,1499427311,2017/7/7 19:34:21,2017/7/7 19:35:11,酒驾下警示片,636355662494754647
18:10:49 INFO 37 six2015.Controllers.SIXUSERsController - pictures,1499427317,1499427389,2017/7/7 19:35:17,2017/7/7 19:36:29,疲劳驾驶警示片,636355662494914764
18:10:49 INFO 37 six2015.Controllers.SIXUSERsController - pictures,1499427408,1499427501,2017/7/7 19:36:48,2017/7/7 19:38:21,分心驾驶警示片,636355662495114909
18:10:49 INFO 37 six2015.Controllers.SIXUSERsController - pictures,1499427514,1499427577,2017/7/7 19:38:34,2017/7/7 19:39:37,盲区和远光灯警示片,636355662495305044
18:10:49 INFO 37 six2015.Controllers.SIXUSERsController - pictures,1499427607,1499427680,2017/7/7 19:40:07,2017/7/7 19:41:20,超员及货车典型违法行为,636355662495465153
18:12:04 INFO 42 six2015.Controllers.SIXUSERsController - pictures,token is 6e79777dcb664d19a97977636b356315,1
18:12:04 INFO 30 six2015.Controllers.SIXUSERsController - DeclarationForm,token is 6e79777dcb664d19a97977636b356315,1,picID
18:12:04 INFO 42 six2015.Controllers.SIXUSERsController - pictures,1499427126,1499427203,2017/7/7 19:32:06,2017/7/7 19:33:23,超速警示片,636355663243499870
18:12:04 INFO 30 six2015.Controllers.SIXUSERsController - DeclarationForm,picfile=e:\\signature\97e70d9265754c0ab07ed70807408742PhysicalCondition.png
18:12:04 INFO 37 six2015.Controllers.SIXUSERsController - EduRecordForm,token is 6e79777dcb664d19a97977636b356315,1,picID
18:12:04 INFO 37 six2015.Controllers.SIXUSERsController - EduRecordForm,picfile=e:\\signature\97e70d9265754c0ab07ed70807408742EducationalRecord.png
18:12:04 INFO 37 six2015.Controllers.SIXUSERsController - EduRecordFormB,token is 6e79777dcb664d19a97977636b356315,1,picID
18:12:04 INFO 37 six2015.Controllers.SIXUSERsController - EduRecordFormB,picfile=e:\\signature\97e70d9265754c0ab07ed70807408742EducationalRecordsecond.png
18:12:04 INFO 41 six2015.Controllers.SIXUSERsController - ExamResult,token is 6e79777dcb664d19a97977636b356315,1
18:12:04 INFO 41 six2015.Controllers.SIXUSERsController - ExamResult,picfile=e:\\examresultpath\97e70d9265754c0ab07ed70807408742\exam_result.txt
18:12:04 INFO 28 six2015.Controllers.SIXUSERsController - courses,token is 6e79777dcb664d19a97977636b356315,1
18:12:04 INFO 42 six2015.Controllers.SIXUSERsController - pictures,1499427207,1499427258,2017/7/7 19:33:27,2017/7/7 19:34:18,酒驾上警示片,636355663243790079
18:12:04 INFO 42 six2015.Controllers.SIXUSERsController - pictures,1499427261,1499427311,2017/7/7 19:34:21,2017/7/7 19:35:11,酒驾下警示片,636355663243940185
18:12:04 INFO 42 six2015.Controllers.SIXUSERsController - pictures,1499427317,1499427389,2017/7/7 19:35:17,2017/7/7 19:36:29,疲劳驾驶警示片,636355663244160337
18:12:04 INFO 42 six2015.Controllers.SIXUSERsController - pictures,1499427408,1499427501,2017/7/7 19:36:48,2017/7/7 19:38:21,分心驾驶警示片,636355663244340460
18:12:04 INFO 42 six2015.Controllers.SIXUSERsController - pictures,1499427514,1499427577,2017/7/7 19:38:34,2017/7/7 19:39:37,盲区和远光灯警示片,636355663244590657
18:12:04 INFO 42 six2015.Controllers.SIXUSERsController - pictures,1499427607,1499427680,2017/7/7 19:40:07,2017/7/7 19:41:20,超员及货车典型违法行为,636355663244770768
18:14:04 INFO 42 six2015.Controllers.SIXUSERsController - pictures,token is 6e79777dcb664d19a97977636b356315,1
18:14:04 INFO 28 six2015.Controllers.SIXUSERsController - DeclarationForm,token is 6e79777dcb664d19a97977636b356315,1,picID
18:14:04 INFO 42 six2015.Controllers.SIXUSERsController - pictures,1499427126,1499427203,2017/7/7 19:32:06,2017/7/7 19:33:23,超速警示片,636355664448519503
18:14:04 INFO 34 six2015.Controllers.SIXUSERsController - EduRecordForm,token is 6e79777dcb664d19a97977636b356315,1,picID
18:14:04 INFO 28 six2015.Controllers.SIXUSERsController - DeclarationForm,picfile=e:\\signature\97e70d9265754c0ab07ed70807408742PhysicalCondition.png
18:14:04 INFO 34 six2015.Controllers.SIXUSERsController - EduRecordForm,picfile=e:\\signature\97e70d9265754c0ab07ed70807408742EducationalRecord.png
18:14:04 INFO 30 six2015.Controllers.SIXUSERsController - EduRecordFormB,token is 6e79777dcb664d19a97977636b356315,1,picID
18:14:04 INFO 30 six2015.Controllers.SIXUSERsController - EduRecordFormB,picfile=e:\\signature\97e70d9265754c0ab07ed70807408742EducationalRecordsecond.png
18:14:04 INFO 41 six2015.Controllers.SIXUSERsController - ExamResult,token is 6e79777dcb664d19a97977636b356315,1
18:14:04 INFO 41 six2015.Controllers.SIXUSERsController - ExamResult,picfile=e:\\examresultpath\97e70d9265754c0ab07ed70807408742\exam_result.txt
18:14:04 INFO 30 six2015.Controllers.SIXUSERsController - courses,token is 6e79777dcb664d19a97977636b356315,1
18:14:04 INFO 42 six2015.Controllers.SIXUSERsController - pictures,1499427207,1499427258,2017/7/7 19:33:27,2017/7/7 19:34:18,酒驾上警示片,636355664448789682
18:14:04 INFO 42 six2015.Controllers.SIXUSERsController - pictures,1499427261,1499427311,2017/7/7 19:34:21,2017/7/7 19:35:11,酒驾下警示片,636355664448949807
18:14:04 INFO 42 six2015.Controllers.SIXUSERsController - pictures,1499427317,1499427389,2017/7/7 19:35:17,2017/7/7 19:36:29,疲劳驾驶警示片,636355664449340079
18:14:04 INFO 42 six2015.Controllers.SIXUSERsController - pictures,1499427408,1499427501,2017/7/7 19:36:48,2017/7/7 19:38:21,分心驾驶警示片,636355664449680320
18:14:05 INFO 42 six2015.Controllers.SIXUSERsController - pictures,1499427514,1499427577,2017/7/7 19:38:34,2017/7/7 19:39:37,盲区和远光灯警示片,636355664450030568
18:14:05 INFO 42 six2015.Controllers.SIXUSERsController - pictures,1499427607,1499427680,2017/7/7 19:40:07,2017/7/7 19:41:20,超员及货车典型违法行为,636355664450270749
18:14:11 INFO 41 six2015.Controllers.SIXUSERsController - token is 6e79777dcb664d19a97977636b356315,0,1000
18:14:23 INFO 41 six2015.Controllers.SIXUSERsController - StudyRecords,token is 6e79777dcb664d19a97977636b356315,2017/07/01,startTime,  endTime,2017/07/31  name,  identity, illegal ,  message, print,
18:14:29 INFO 30 six2015.Controllers.SIXUSERsController - StudyRecords,token is 6e79777dcb664d19a97977636b356315,370602199302131613,  identity,
18:14:30 INFO 34 six2015.Controllers.SIXUSERsController - pictures,token is 6e79777dcb664d19a97977636b356315,1
18:14:30 INFO 30 six2015.Controllers.SIXUSERsController - DeclarationForm,token is 6e79777dcb664d19a97977636b356315,1,picID
18:14:30 INFO 34 six2015.Controllers.SIXUSERsController - pictures,1499427126,1499427203,2017/7/7 19:32:06,2017/7/7 19:33:23,超速警示片,636355664706428663
18:14:30 INFO 30 six2015.Controllers.SIXUSERsController - DeclarationForm,picfile=e:\\signature\97e70d9265754c0ab07ed70807408742PhysicalCondition.png
18:14:30 INFO 28 six2015.Controllers.SIXUSERsController - EduRecordForm,token is 6e79777dcb664d19a97977636b356315,1,picID
18:14:30 INFO 28 six2015.Controllers.SIXUSERsController - EduRecordForm,picfile=e:\\signature\97e70d9265754c0ab07ed70807408742EducationalRecord.png
18:14:30 INFO 28 six2015.Controllers.SIXUSERsController - EduRecordFormB,token is 6e79777dcb664d19a97977636b356315,1,picID
18:14:30 INFO 28 six2015.Controllers.SIXUSERsController - EduRecordFormB,picfile=e:\\signature\97e70d9265754c0ab07ed70807408742EducationalRecordsecond.png
18:14:30 INFO 34 six2015.Controllers.SIXUSERsController - pictures,1499427207,1499427258,2017/7/7 19:33:27,2017/7/7 19:34:18,酒驾上警示片,636355664706618805
18:14:30 INFO 41 six2015.Controllers.SIXUSERsController - ExamResult,token is 6e79777dcb664d19a97977636b356315,1
18:14:30 INFO 41 six2015.Controllers.SIXUSERsController - ExamResult,picfile=e:\\examresultpath\97e70d9265754c0ab07ed70807408742\exam_result.txt
18:14:30 INFO 30 six2015.Controllers.SIXUSERsController - courses,token is 6e79777dcb664d19a97977636b356315,1
18:14:30 INFO 28 six2015.Controllers.SIXUSERsController - signaturepics,token is 6e79777dcb664d19a97977636b356315,1,id
18:14:30 INFO 28 six2015.Controllers.SIXUSERsController - signaturepics,picfile=e:\\signature\97e70d9265754c0ab07ed70807408742EducationalRecord
18:14:30 INFO 28 six2015.Controllers.SIXUSERsController - signaturepics,PhysicalCondition=e:\\signature\97e70d9265754c0ab07ed70807408742PhysicalCondition
18:14:30 INFO 34 six2015.Controllers.SIXUSERsController - pictures,1499427261,1499427311,2017/7/7 19:34:21,2017/7/7 19:35:11,酒驾下警示片,636355664706979052
18:14:30 INFO 34 six2015.Controllers.SIXUSERsController - pictures,1499427317,1499427389,2017/7/7 19:35:17,2017/7/7 19:36:29,疲劳驾驶警示片,636355664707319293
18:14:30 INFO 34 six2015.Controllers.SIXUSERsController - pictures,1499427408,1499427501,2017/7/7 19:36:48,2017/7/7 19:38:21,分心驾驶警示片,636355664707559463
18:14:30 INFO 34 six2015.Controllers.SIXUSERsController - pictures,1499427514,1499427577,2017/7/7 19:38:34,2017/7/7 19:39:37,盲区和远光灯警示片,636355664707819663
18:14:30 INFO 34 six2015.Controllers.SIXUSERsController - pictures,1499427607,1499427680,2017/7/7 19:40:07,2017/7/7 19:41:20,超员及货车典型违法行为,636355664708109856
18:15:50 INFO 41 six2015.Controllers.SIXUSERsController - token is 6e79777dcb664d19a97977636b356315,0,1000
18:15:55 INFO 23 six2015.Controllers.SIXUSERsController - StudyRecords,token is 6e79777dcb664d19a97977636b356315,370602199302131613,  identity,
18:15:57 INFO 30 six2015.Controllers.SIXUSERsController - pictures,token is 6e79777dcb664d19a97977636b356315,1
18:15:57 INFO 28 six2015.Controllers.SIXUSERsController - DeclarationForm,token is 6e79777dcb664d19a97977636b356315,1,picID
18:15:57 INFO 30 six2015.Controllers.SIXUSERsController - pictures,1499427126,1499427203,2017/7/7 19:32:06,2017/7/7 19:33:23,超速警示片,636355665571632904
18:15:57 INFO 28 six2015.Controllers.SIXUSERsController - DeclarationForm,picfile=e:\\signature\97e70d9265754c0ab07ed70807408742PhysicalCondition.png
18:15:57 INFO 41 six2015.Controllers.SIXUSERsController - EduRecordForm,token is 6e79777dcb664d19a97977636b356315,1,picID
18:15:57 INFO 23 six2015.Controllers.SIXUSERsController - EduRecordFormB,token is 6e79777dcb664d19a97977636b356315,1,picID
18:15:57 INFO 41 six2015.Controllers.SIXUSERsController - EduRecordForm,picfile=e:\\signature\97e70d9265754c0ab07ed70807408742EducationalRecord.png
18:15:57 INFO 23 six2015.Controllers.SIXUSERsController - EduRecordFormB,picfile=e:\\signature\97e70d9265754c0ab07ed70807408742EducationalRecordsecond.png
18:15:57 INFO 41 six2015.Controllers.SIXUSERsController - ExamResult,token is 6e79777dcb664d19a97977636b356315,1
18:15:57 INFO 41 six2015.Controllers.SIXUSERsController - ExamResult,picfile=e:\\examresultpath\97e70d9265754c0ab07ed70807408742\exam_result.txt
18:15:57 INFO 33 six2015.Controllers.SIXUSERsController - courses,token is 6e79777dcb664d19a97977636b356315,1
18:15:57 INFO 33 six2015.Controllers.SIXUSERsController - signaturepics,token is 6e79777dcb664d19a97977636b356315,1,id
18:15:57 INFO 33 six2015.Controllers.SIXUSERsController - signaturepics,picfile=e:\\signature\97e70d9265754c0ab07ed70807408742EducationalRecord
18:15:57 INFO 33 six2015.Controllers.SIXUSERsController - signaturepics,PhysicalCondition=e:\\signature\97e70d9265754c0ab07ed70807408742PhysicalCondition
18:15:57 INFO 30 six2015.Controllers.SIXUSERsController - pictures,1499427207,1499427258,2017/7/7 19:33:27,2017/7/7 19:34:18,酒驾上警示片,636355665571913094
18:15:57 INFO 30 six2015.Controllers.SIXUSERsController - pictures,1499427261,1499427311,2017/7/7 19:34:21,2017/7/7 19:35:11,酒驾下警示片,636355665572093230
18:15:57 INFO 30 six2015.Controllers.SIXUSERsController - pictures,1499427317,1499427389,2017/7/7 19:35:17,2017/7/7 19:36:29,疲劳驾驶警示片,636355665572353414
18:15:57 INFO 30 six2015.Controllers.SIXUSERsController - pictures,1499427408,1499427501,2017/7/7 19:36:48,2017/7/7 19:38:21,分心驾驶警示片,636355665572663633
18:15:57 INFO 30 six2015.Controllers.SIXUSERsController - pictures,1499427514,1499427577,2017/7/7 19:38:34,2017/7/7 19:39:37,盲区和远光灯警示片,636355665572883813
18:15:57 INFO 30 six2015.Controllers.SIXUSERsController - pictures,1499427607,1499427680,2017/7/7 19:40:07,2017/7/7 19:41:20,超员及货车典型违法行为,636355665573003870
